[warning] samtools mpileup option `u` is functional, but deprecated. Please switch to using bcftools mpileup in future.
[warning] samtools mpileup option `g` is functional, but deprecated. Please switch to using bcftools mpileup in future.
[warning] samtools mpileup option `t` is functional, but deprecated. Please switch to using bcftools mpileup in future.
[mpileup] 47 samples in 47 input files
[E::bcf_hdr_parse_line] Could not parse the header line: "##contig=<ID=scaffold110000,659,f134890Z659,length=660>"
[E::bcf_hdr_parse_line] Could not parse the header line: "##contig=<ID=scaffold13911,2389,f25486Z2389,length=2390>"
[E::bcf_hdr_parse_line] Could not parse the header line: "##contig=<ID=scaffold17122,2112,f30026Z2112,length=2113>"
[E::bcf_hdr_parse_line] Could not parse the header line: "##contig=<ID=scaffold17299,2100,f30278Z2100,length=2101>"
[E::bcf_hdr_parse_line] Could not parse the header line: "##contig=<ID=scaffold17541,2082,f30636Z2082,length=2084>"
[E::bcf_hdr_parse_line] Could not parse the header line: "##contig=<ID=scaffold19694,1946,f33446Z1946,length=1947>"
[E::bcf_hdr_parse_line] Could not parse the header line: "##contig=<ID=scaffold33282,1445,f50137Z1445,length=1446>"
[E::bcf_hdr_parse_line] Could not parse the header line: "##contig=<ID=scaffold40871,1286,f58931Z1286,length=1287>"
[E::bcf_hdr_parse_line] Could not parse the header line: "##contig=<ID=scaffold50895,1130,f70146Z1130,length=1131>"
[E::bcf_hdr_parse_line] Could not parse the header line: "##contig=<ID=scaffold52800,1104,f72313Z1104,length=1105>"
[E::bcf_hdr_parse_line] Could not parse the header line: "##contig=<ID=scaffold53407,1096,f73016Z1096,length=1097>"
[E::bcf_hdr_parse_line] Could not parse the header line: "##contig=<ID=scaffold61648,996,f86121Z996,length=997>"
[E::bcf_hdr_parse_line] Could not parse the header line: "##contig=<ID=scaffold66545,944,f87393Z944,length=945>"
[E::bcf_hdr_parse_line] Could not parse the header line: "##contig=<ID=scaffold82134,816,f104516Z816,length=817>"
[E::bcf_hdr_parse_line] Could not parse the header line: "##contig=<ID=scaffold91343,756,f114635Z756,length=757>"
[E::bcf_hdr_parse_line] Could not parse the header line: "##contig=<ID=scaffold91515,755,f114733Z755,length=756>"
[E::bcf_hdr_parse_line] Could not parse the header line: "##contig=<ID=scaffold91976,753,f115102Z753,length=754>"
